13:05:50.861 Running build in Washington, D.C., USA (East) – iad1
13:05:50.861 Build machine configuration: 2 cores, 8 GB
13:05:50.975 Cloning github.com/AdamNowatkowski/MyLittleEcommerce (Branch: main, Commit: c314e96)
13:05:51.317 Cloning completed: 341.000ms
13:05:52.578 Skipping build cache since Node.js version changed from "20.x" to "24.x"
13:05:52.852 Running "vercel build"
13:05:52.891 Vercel CLI 55.0.0
13:05:53.374 Detected `pnpm-lock.yaml` 9 which may be generated by pnpm@9.x or pnpm@10.x
13:05:53.374 Using pnpm@9.x based on project creation date
13:05:53.375 To use pnpm@10.x, manually opt in using corepack (https://vercel.com/docs/deployments/configure-a-build#corepack)
13:05:53.414 Installing dependencies...
13:05:53.916 Lockfile is up to date, resolution step is skipped
13:05:53.977 Progress: resolved 1, reused 0, downloaded 0, added 0
13:05:54.099 Packages: +731
13:05:54.100 ++++++++++++++++++++++++++++++++++++++++++++++++++++++++++++++++++++++++++++++++
13:05:54.977 Progress: resolved 731, reused 0, downloaded 44, added 30
13:05:55.978 Progress: resolved 731, reused 0, downloaded 81, added 67
13:05:57.429 Progress: resolved 731, reused 0, downloaded 82, added 67
13:05:58.431 Progress: resolved 731, reused 0, downloaded 97, added 81
13:05:59.431 Progress: resolved 731, reused 0, downloaded 128, added 115
13:06:00.431 Progress: resolved 731, reused 0, downloaded 185, added 170
13:06:01.433 Progress: resolved 731, reused 0, downloaded 310, added 300
13:06:02.435 Progress: resolved 731, reused 0, downloaded 451, added 440
13:06:03.437 Progress: resolved 731, reused 0, downloaded 506, added 490
13:06:04.436 Progress: resolved 731, reused 0, downloaded 528, added 512
13:06:05.436 Progress: resolved 731, reused 0, downloaded 660, added 651
13:06:06.436 Progress: resolved 731, reused 0, downloaded 722, added 711
13:06:07.102 Progress: resolved 731, reused 0, downloaded 731, added 731, done
13:06:07.331 .../node_modules/@parcel/watcher install$ node scripts/build-from-source.js
13:06:07.350 .../node_modules/unrs-resolver postinstall$ node postinstall.js
13:06:07.351 .../sharp@0.34.5/node_modules/sharp install$ node install/check.js || npm run build
13:06:07.449 .../node_modules/@parcel/watcher install: Done
13:06:07.470 .../node_modules/unrs-resolver postinstall: Done
13:06:07.553 .../sharp@0.34.5/node_modules/sharp install: Done
13:06:07.720 
13:06:07.721 dependencies:
13:06:07.721 + @clerk/nextjs 4.29.9
13:06:07.721 + @clerk/themes 1.7.9
13:06:07.722 + @mdx-js/loader 3.1.1
13:06:07.722 + @mdx-js/react 3.1.1
13:06:07.722 + @next/mdx 16.2.10
13:06:07.722 + @next/third-parties 16.2.10
13:06:07.723 + @tailwindcss/typography 0.5.10
13:06:07.723 + @types/mdx 2.0.14
13:06:07.723 + @types/node 26.1.1
13:06:07.724 + @types/react 19.2.17
13:06:07.724 + @types/react-dom 19.2.3
13:06:07.724 + @vercel/analytics 2.0.1
13:06:07.725 + autoprefixer 10.4.16
13:06:07.725 + clsx 2.1.1
13:06:07.725 + eslint 10.6.0
13:06:07.725 + eslint-config-next 16.2.10
13:06:07.726 + graphql 17.0.2
13:06:07.726 + lucide-react 1.24.0
13:06:07.726 + next 16.2.10
13:06:07.727 + postcss 8.4.31
13:06:07.727 + react 19.2.7
13:06:07.727 + react-dom 19.2.7
13:06:07.727 + server-only 0.0.1
13:06:07.728 + stripe 22.3.1
13:06:07.728 + tailwindcss 3.4.1
13:06:07.728 + use-debounce 10.1.1
13:06:07.729 
13:06:07.729 devDependencies:
13:06:07.729 + @graphql-codegen/cli 7.2.0
13:06:07.729 + @graphql-codegen/client-preset 6.1.0
13:06:07.730 + @graphql-typed-document-node/core 3.2.0
13:06:07.730 + @next/env 16.2.10
13:06:07.730 + @parcel/watcher 2.5.6
13:06:07.730 + @typescript-eslint/eslint-plugin 8.63.0
13:06:07.731 + @typescript-eslint/parser 8.63.0
13:06:07.731 + eslint-config-prettier 10.1.8
13:06:07.731 + eslint-plugin-import 2.32.0
13:06:07.731 + prettier 3.9.5
13:06:07.731 + prettier-plugin-tailwindcss 0.8.0
13:06:07.731 + typescript 5.8.3
13:06:07.731 
13:06:07.753 Done in 14.3s using pnpm v9.15.9
13:06:07.788 Detected Next.js version: 16.2.10
13:06:07.857 Running "pnpm run build"
13:06:08.275 
13:06:08.275 > my-little-ecommerce@0.1.0 build /vercel/path0
13:06:08.275 > next build
13:06:08.275 
13:06:08.907   Applying modifyConfig from Vercel
13:06:08.914 Attention: Next.js now collects completely anonymous telemetry regarding usage.
13:06:08.915 This information is used to shape Next.js' roadmap and prioritize features.
13:06:08.915 You can learn more, including how to opt-out if you'd not like to participate in this anonymous program, by visiting the following URL:
13:06:08.916 https://nextjs.org/telemetry
13:06:08.916 
13:06:08.935 ▲ Next.js 16.2.10 (Turbopack)
13:06:08.936 
13:06:08.983   Creating an optimized production build ...
13:06:22.797 
13:06:22.798 > Build error occurred
13:06:22.801 Error: Turbopack build failed with 1 errors:
13:06:22.801 ./src/app/orders/page.tsx:51:16
13:06:22.801 Expected a semicolon
13:06:22.802   49 | 					{/* <td>{order.createdAt}</td> */}
13:06:22.802   50 | 					<td>{order.stage}</td>
13:06:22.802 > 51 | 					<td>{order.total}</td>
13:06:22.802      |           ^
13:06:22.803   52 | 				  </tr>
13:06:22.803   53 | 				))}
13:06:22.803   54 | 			  </tbody>
13:06:22.803 
13:06:22.804 Parsing ecmascript source code failed
13:06:22.804 
13:06:22.804 
13:06:22.804     at <unknown> (./src/app/orders/page.tsx:51:16)
13:06:22.857  ELIFECYCLE  Command failed with exit code 1.
13:06:22.889 Error: Command "pnpm run build" exited with 1